[INFO] Scanning for projects...
[INFO]                                                                         
[INFO] ------------------------------------------------------------------------
[INFO] Building retail-manager 0.0.1-SNAPSHOT
[INFO] ------------------------------------------------------------------------
[INFO] 
[INFO] --- maven-clean-plugin:2.6.1:clean (default-clean) @ retail-manager ---
[INFO] Deleting F:\retail-manager\retail-manager\target
[INFO] 
[INFO] --- maven-resources-plugin:2.6:resources (default-resources) @ retail-manager ---
[INFO] Using 'UTF-8' encoding to copy filtered resources.
[INFO] Copying 1 resource
[INFO] Copying 0 resource
[INFO] 
[INFO] --- maven-compiler-plugin:3.1:compile (default-compile) @ retail-manager ---
[INFO] Changes detected - recompiling the module!
[INFO] Compiling 10 source files to F:\retail-manager\retail-manager\target\classes
[INFO] 
[INFO] --- maven-resources-plugin:2.6:testResources (default-testResources) @ retail-manager ---
[INFO] Using 'UTF-8' encoding to copy filtered resources.
[INFO] skip non existing resourceDirectory F:\retail-manager\retail-manager\src\test\resources
[INFO] 
[INFO] --- maven-compiler-plugin:3.1:testCompile (default-testCompile) @ retail-manager ---
[INFO] Changes detected - recompiling the module!
[INFO] Compiling 1 source file to F:\retail-manager\retail-manager\target\test-classes
[WARNING] /F:/retail-manager/retail-manager/src/test/java/db/ret/mng/RetailManagerRestControllerTest.java: F:\retail-manager\retail-manager\src\test\java\db\ret\mng\RetailManagerRestControllerTest.java uses or overrides a deprecated API.
[WARNING] /F:/retail-manager/retail-manager/src/test/java/db/ret/mng/RetailManagerRestControllerTest.java: Recompile with -Xlint:deprecation for details.
[INFO] 
[INFO] --- maven-surefire-plugin:2.18.1:test (default-test) @ retail-manager ---
[INFO] Surefire report directory: F:\retail-manager\retail-manager\target\surefire-reports

-------------------------------------------------------
 T E S T S
-------------------------------------------------------
01:39:25.696 [main] DEBUG org.springframework.test.context.junit4.SpringJUnit4ClassRunner - SpringJUnit4ClassRunner constructor called with [class db.ret.mng.RetailManagerRestControllerTest]
01:39:25.795 [main] DEBUG org.springframework.test.context.BootstrapUtils - Instantiating CacheAwareContextLoaderDelegate from class [org.springframework.test.context.cache.DefaultCacheAwareContextLoaderDelegate]
01:39:25.880 [main] DEBUG org.springframework.test.context.BootstrapUtils - Instantiating BootstrapContext using constructor [public org.springframework.test.context.support.DefaultBootstrapContext(java.lang.Class,org.springframework.test.context.CacheAwareContextLoaderDelegate)]
01:39:26.048 [main] DEBUG org.springframework.test.context.BootstrapUtils - Instantiating TestContextBootstrapper for test class [db.ret.mng.RetailManagerRestControllerTest] from class [org.springframework.boot.test.context.SpringBootTestContextBootstrapper]
01:39:26.210 [main] INFO org.springframework.boot.test.context.SpringBootTestContextBootstrapper - Neither @ContextConfiguration nor @ContextHierarchy found for test class [db.ret.mng.RetailManagerRestControllerTest], using SpringBootContextLoader
01:39:26.221 [main] DEBUG org.springframework.test.context.support.AbstractContextLoader - Did not detect default resource location for test class [db.ret.mng.RetailManagerRestControllerTest]: class path resource [db/ret/mng/RetailManagerRestControllerTest-context.xml] does not exist
01:39:26.222 [main] DEBUG org.springframework.test.context.support.AbstractContextLoader - Did not detect default resource location for test class [db.ret.mng.RetailManagerRestControllerTest]: class path resource [db/ret/mng/RetailManagerRestControllerTestContext.groovy] does not exist
01:39:26.222 [main] INFO org.springframework.test.context.support.AbstractContextLoader - Could not detect default resource locations for test class [db.ret.mng.RetailManagerRestControllerTest]: no resource found for suffixes {-context.xml, Context.groovy}.
01:39:26.533 [main] DEBUG org.springframework.test.context.support.ActiveProfilesUtils - Could not find an 'annotation declaring class' for annotation type [org.springframework.test.context.ActiveProfiles] and class [db.ret.mng.RetailManagerRestControllerTest]
01:39:26.683 [main] DEBUG org.springframework.boot.test.context.SpringBootTestContextBootstrapper - @TestExecutionListeners is not present for class [db.ret.mng.RetailManagerRestControllerTest]: using defaults.
01:39:26.687 [main] INFO org.springframework.boot.test.context.SpringBootTestContextBootstrapper - Loaded default TestExecutionListener class names from location [META-INF/spring.factories]: [org.springframework.boot.test.mock.mockito.MockitoTestExecutionListener, org.springframework.boot.test.mock.mockito.ResetMocksTestExecutionListener, org.springframework.boot.test.autoconfigure.restdocs.RestDocsTestExecutionListener, org.springframework.boot.test.autoconfigure.web.client.MockRestServiceServerResetTestExecutionListener, org.springframework.boot.test.autoconfigure.web.servlet.MockMvcPrintOnlyOnFailureTestExecutionListener, org.springframework.boot.test.autoconfigure.web.servlet.WebDriverTestExecutionListener, org.springframework.test.context.web.ServletTestExecutionListener, org.springframework.test.context.support.DirtiesContextBeforeModesTestExecutionListener, org.springframework.test.context.support.DependencyInjectionTestExecutionListener, org.springframework.test.context.support.DirtiesContextTestExecutionListener, org.springframework.test.context.transaction.TransactionalTestExecutionListener, org.springframework.test.context.jdbc.SqlScriptsTestExecutionListener]
01:39:26.804 [main] INFO org.springframework.boot.test.context.SpringBootTestContextBootstrapper - Could not instantiate TestExecutionListener [org.springframework.test.context.transaction.TransactionalTestExecutionListener]. Specify custom listener classes or make the default listener classes (and their required dependencies) available. Offending class: [org/springframework/transaction/interceptor/TransactionAttributeSource]
01:39:26.808 [main] INFO org.springframework.boot.test.context.SpringBootTestContextBootstrapper - Could not instantiate TestExecutionListener [org.springframework.test.context.jdbc.SqlScriptsTestExecutionListener]. Specify custom listener classes or make the default listener classes (and their required dependencies) available. Offending class: [org/springframework/transaction/interceptor/TransactionAttribute]
01:39:26.826 [main] INFO org.springframework.boot.test.context.SpringBootTestContextBootstrapper - Using TestExecutionListeners: [org.springframework.test.context.web.ServletTestExecutionListener@d8062c, org.springframework.test.context.support.DirtiesContextBeforeModesTestExecutionListener@43cd28, org.springframework.boot.test.autoconfigure.SpringBootDependencyInjectionTestExecutionListener@b51256, org.springframework.test.context.support.DirtiesContextTestExecutionListener@1906517, org.springframework.boot.test.autoconfigure.web.client.MockRestServiceServerResetTestExecutionListener@1fbf16f, org.springframework.boot.test.mock.mockito.ResetMocksTestExecutionListener@1af5db5, org.springframework.boot.test.autoconfigure.restdocs.RestDocsTestExecutionListener@12cdcf4, org.springframework.boot.test.autoconfigure.web.servlet.WebDriverTestExecutionListener@1cea91b, org.springframework.boot.test.autoconfigure.web.servlet.MockMvcPrintOnlyOnFailureTestExecutionListener@13a4b84, org.springframework.boot.test.mock.mockito.MockitoTestExecutionListener@27f723]
01:39:26.853 [main] DEBUG org.springframework.test.annotation.ProfileValueUtils - Retrieved @ProfileValueSourceConfiguration [null] for test class [db.ret.mng.RetailManagerRestControllerTest]
01:39:26.860 [main] DEBUG org.springframework.test.annotation.ProfileValueUtils - Retrieved ProfileValueSource type [class org.springframework.test.annotation.SystemProfileValueSource] for class [db.ret.mng.RetailManagerRestControllerTest]
Running db.ret.mng.RetailManagerRestControllerTest
01:39:26.864 [main] DEBUG org.springframework.test.context.junit4.SpringJUnit4ClassRunner - SpringJUnit4ClassRunner constructor called with [class db.ret.mng.RetailManagerRestControllerTest]
01:39:26.864 [main] DEBUG org.springframework.test.context.BootstrapUtils - Instantiating CacheAwareContextLoaderDelegate from class [org.springframework.test.context.cache.DefaultCacheAwareContextLoaderDelegate]
01:39:26.864 [main] DEBUG org.springframework.test.context.BootstrapUtils - Instantiating BootstrapContext using constructor [public org.springframework.test.context.support.DefaultBootstrapContext(java.lang.Class,org.springframework.test.context.CacheAwareContextLoaderDelegate)]
01:39:26.865 [main] DEBUG org.springframework.test.context.BootstrapUtils - Instantiating TestContextBootstrapper for test class [db.ret.mng.RetailManagerRestControllerTest] from class [org.springframework.boot.test.context.SpringBootTestContextBootstrapper]
01:39:26.865 [main] INFO org.springframework.boot.test.context.SpringBootTestContextBootstrapper - Neither @ContextConfiguration nor @ContextHierarchy found for test class [db.ret.mng.RetailManagerRestControllerTest], using SpringBootContextLoader
01:39:26.865 [main] DEBUG org.springframework.test.context.support.AbstractContextLoader - Did not detect default resource location for test class [db.ret.mng.RetailManagerRestControllerTest]: class path resource [db/ret/mng/RetailManagerRestControllerTest-context.xml] does not exist
01:39:26.865 [main] DEBUG org.springframework.test.context.support.AbstractContextLoader - Did not detect default resource location for test class [db.ret.mng.RetailManagerRestControllerTest]: class path resource [db/ret/mng/RetailManagerRestControllerTestContext.groovy] does not exist
01:39:26.865 [main] INFO org.springframework.test.context.support.AbstractContextLoader - Could not detect default resource locations for test class [db.ret.mng.RetailManagerRestControllerTest]: no resource found for suffixes {-context.xml, Context.groovy}.
01:39:26.871 [main] DEBUG org.springframework.test.context.support.ActiveProfilesUtils - Could not find an 'annotation declaring class' for annotation type [org.springframework.test.context.ActiveProfiles] and class [db.ret.mng.RetailManagerRestControllerTest]
01:39:26.874 [main] DEBUG org.springframework.boot.test.context.SpringBootTestContextBootstrapper - @TestExecutionListeners is not present for class [db.ret.mng.RetailManagerRestControllerTest]: using defaults.
01:39:26.876 [main] INFO org.springframework.boot.test.context.SpringBootTestContextBootstrapper - Loaded default TestExecutionListener class names from location [META-INF/spring.factories]: [org.springframework.boot.test.mock.mockito.MockitoTestExecutionListener, org.springframework.boot.test.mock.mockito.ResetMocksTestExecutionListener, org.springframework.boot.test.autoconfigure.restdocs.RestDocsTestExecutionListener, org.springframework.boot.test.autoconfigure.web.client.MockRestServiceServerResetTestExecutionListener, org.springframework.boot.test.autoconfigure.web.servlet.MockMvcPrintOnlyOnFailureTestExecutionListener, org.springframework.boot.test.autoconfigure.web.servlet.WebDriverTestExecutionListener, org.springframework.test.context.web.ServletTestExecutionListener, org.springframework.test.context.support.DirtiesContextBeforeModesTestExecutionListener, org.springframework.test.context.support.DependencyInjectionTestExecutionListener, org.springframework.test.context.support.DirtiesContextTestExecutionListener, org.springframework.test.context.transaction.TransactionalTestExecutionListener, org.springframework.test.context.jdbc.SqlScriptsTestExecutionListener]
01:39:26.880 [main] INFO org.springframework.boot.test.context.SpringBootTestContextBootstrapper - Could not instantiate TestExecutionListener [org.springframework.test.context.transaction.TransactionalTestExecutionListener]. Specify custom listener classes or make the default listener classes (and their required dependencies) available. Offending class: [org/springframework/transaction/interceptor/TransactionAttributeSource]
01:39:26.880 [main] INFO org.springframework.boot.test.context.SpringBootTestContextBootstrapper - Could not instantiate TestExecutionListener [org.springframework.test.context.jdbc.SqlScriptsTestExecutionListener]. Specify custom listener classes or make the default listener classes (and their required dependencies) available. Offending class: [org/springframework/transaction/interceptor/TransactionAttribute]
01:39:26.881 [main] INFO org.springframework.boot.test.context.SpringBootTestContextBootstrapper - Using TestExecutionListeners: [org.springframework.test.context.web.ServletTestExecutionListener@ac1102, org.springframework.test.context.support.DirtiesContextBeforeModesTestExecutionListener@1e8284b, org.springframework.boot.test.autoconfigure.SpringBootDependencyInjectionTestExecutionListener@16e2f39, org.springframework.test.context.support.DirtiesContextTestExecutionListener@74868d, org.springframework.boot.test.autoconfigure.web.client.MockRestServiceServerResetTestExecutionListener@c8a2c0, org.springframework.boot.test.mock.mockito.ResetMocksTestExecutionListener@e6aa2, org.springframework.boot.test.autoconfigure.restdocs.RestDocsTestExecutionListener@5185bd, org.springframework.boot.test.autoconfigure.web.servlet.WebDriverTestExecutionListener@bf3d14, org.springframework.boot.test.autoconfigure.web.servlet.MockMvcPrintOnlyOnFailureTestExecutionListener@1b64261, org.springframework.boot.test.mock.mockito.MockitoTestExecutionListener@607a4f]
01:39:26.881 [main] DEBUG org.springframework.test.annotation.ProfileValueUtils - Retrieved @ProfileValueSourceConfiguration [null] for test class [db.ret.mng.RetailManagerRestControllerTest]
01:39:26.881 [main] DEBUG org.springframework.test.annotation.ProfileValueUtils - Retrieved ProfileValueSource type [class org.springframework.test.annotation.SystemProfileValueSource] for class [db.ret.mng.RetailManagerRestControllerTest]
01:39:26.887 [main] DEBUG org.springframework.test.annotation.ProfileValueUtils - Retrieved @ProfileValueSourceConfiguration [null] for test class [db.ret.mng.RetailManagerRestControllerTest]
01:39:26.887 [main] DEBUG org.springframework.test.annotation.ProfileValueUtils - Retrieved ProfileValueSource type [class org.springframework.test.annotation.SystemProfileValueSource] for class [db.ret.mng.RetailManagerRestControllerTest]
01:39:26.950 [main] DEBUG org.springframework.test.context.support.AbstractDirtiesContextTestExecutionListener - Before test class: context [DefaultTestContext@a035a0 testClass = RetailManagerRestControllerTest, testInstance = [null], testMethod = [null], testException = [null], mergedContextConfiguration = [WebMergedContextConfiguration@1b467e9 testClass = RetailManagerRestControllerTest, locations = '{}', classes = '{class db.ret.mng.app.RetailManagerApplication, class db.ret.mng.app.RetailManagerApplication}', contextInitializerClasses = '[]', activeProfiles = '{}', propertySourceLocations = '{}', propertySourceProperties = '{org.springframework.boot.test.context.SpringBootTestContextBootstrapper=true, server.port=0}', contextCustomizers = set[org.springframework.boot.test.context.SpringBootTestContextCustomizer@bfbc86, org.springframework.boot.test.context.filter.ExcludeFilterContextCustomizer@8080bb, org.springframework.boot.test.mock.mockito.MockitoContextCustomizer@0, org.springframework.boot.test.autoconfigure.properties.PropertyMappingContextCustomizer@0, org.springframework.boot.test.autoconfigure.web.servlet.WebDriverContextCustomizerFactory$Customizer@1784306], resourceBasePath = 'src/main/webapp', contextLoader = 'org.springframework.boot.test.context.SpringBootContextLoader', parent = [null]]], class annotated with @DirtiesContext [false] with mode [null].
01:39:26.960 [main] DEBUG org.springframework.test.annotation.ProfileValueUtils - Retrieved @ProfileValueSourceConfiguration [null] for test class [db.ret.mng.RetailManagerRestControllerTest]
01:39:26.960 [main] DEBUG org.springframework.test.annotation.ProfileValueUtils - Retrieved ProfileValueSource type [class org.springframework.test.annotation.SystemProfileValueSource] for class [db.ret.mng.RetailManagerRestControllerTest]
01:39:26.977 [main] DEBUG org.springframework.test.context.support.DependencyInjectionTestExecutionListener - Performing dependency injection for test context [[DefaultTestContext@a035a0 testClass = RetailManagerRestControllerTest, testInstance = db.ret.mng.RetailManagerRestControllerTest@186a70, testMethod = [null], testException = [null], mergedContextConfiguration = [WebMergedContextConfiguration@1b467e9 testClass = RetailManagerRestControllerTest, locations = '{}', classes = '{class db.ret.mng.app.RetailManagerApplication, class db.ret.mng.app.RetailManagerApplication}', contextInitializerClasses = '[]', activeProfiles = '{}', propertySourceLocations = '{}', propertySourceProperties = '{org.springframework.boot.test.context.SpringBootTestContextBootstrapper=true, server.port=0}', contextCustomizers = set[org.springframework.boot.test.context.SpringBootTestContextCustomizer@bfbc86, org.springframework.boot.test.context.filter.ExcludeFilterContextCustomizer@8080bb, org.springframework.boot.test.mock.mockito.MockitoContextCustomizer@0, org.springframework.boot.test.autoconfigure.properties.PropertyMappingContextCustomizer@0, org.springframework.boot.test.autoconfigure.web.servlet.WebDriverContextCustomizerFactory$Customizer@1784306], resourceBasePath = 'src/main/webapp', contextLoader = 'org.springframework.boot.test.context.SpringBootContextLoader', parent = [null]]]].
01:39:27.968 [main] DEBUG org.springframework.core.env.StandardEnvironment - Adding [systemProperties] PropertySource with lowest search precedence
01:39:27.971 [main] DEBUG org.springframework.core.env.StandardEnvironment - Adding [systemEnvironment] PropertySource with lowest search precedence
01:39:27.971 [main] DEBUG org.springframework.core.env.StandardEnvironment - Initialized StandardEnvironment with PropertySources [systemProperties,systemEnvironment]
01:39:27.979 [main] DEBUG org.springframework.test.context.support.TestPropertySourceUtils - Adding inlined properties to environment: {spring.jmx.enabled=false, org.springframework.boot.test.context.SpringBootTestContextBootstrapper=true, server.port=0}
01:39:27.980 [main] DEBUG org.springframework.core.env.StandardEnvironment - Adding [Inlined Test Properties] PropertySource with highest search precedence

  .   ____          _            __ _ _
 /\\ / ___'_ __ _ _(_)_ __  __ _ \ \ \ \
( ( )\___ | '_ | '_| | '_ \/ _` | \ \ \ \
 \\/  ___)| |_)| | | | | || (_| |  ) ) ) )
  '  |____| .__|_| |_|_| |_\__, | / / / /
 =========|_|==============|___/=/_/_/_/
 :: Spring Boot ::        (v1.4.1.RELEASE)

2016-11-11 01:39:33.384  INFO 6024 --- [           main] d.r.mng.RetailManagerRestControllerTest  : Starting RetailManagerRestControllerTest on VDI-ARC-15 with PID 6024 (started by sjogdand in F:\retail-manager\retail-manager)
2016-11-11 01:39:33.393  INFO 6024 --- [           main] d.r.mng.RetailManagerRestControllerTest  : No active profile set, falling back to default profiles: default
2016-11-11 01:39:33.661  INFO 6024 --- [           main] ationConfigEmbeddedWebApplicationContext : Refreshing org.springframework.boot.context.embedded.AnnotationConfigEmbeddedWebApplicationContext@1aac487: startup date [Fri Nov 11 01:39:33 EST 2016]; root of context hierarchy
Picked up _JAVA_OPTIONS: -Xmx512m

Results :

Tests run: 0, Failures: 0, Errors: 0, Skipped: 0

Terminate batch job (Y/N)? 
